<?xml version="1.0" encoding="UTF-8"?>
<!-- Generated by org.testng.reporters.JUnitXMLReporter -->
<testsuite hostname="LAPTOP-3VE0IGJG" failures="0" tests="4" name="Nopackage" time="27.173" errors="0" timestamp="18 Mar 2024 19:04:32 GMT">
  <testcase classname="testngexample.ExampleTestng" name="login" time="0.012"/>
  <testcase classname="testngexample.ExpTestng1" name="bcde" time="0.003"/>
  <testcase classname="testngexample.ExpWdTestng" name="Tc001" time="7.43"/>
  <testcase classname="testngexample.ExpWdTestng1" name="Tc002" time="11.358"/>
</testsuite> <!-- Nopackage -->
